  Main.cpp
C:\Users\rysya\Desktop\03.12HW\03.12HW\MyArray.cpp(32,21): warning C4018: <: несоответствие типов со знаком и без знака
  (компиляция исходного файла "Main.cpp")
  
C:\Users\rysya\Desktop\03.12HW\03.12HW\MyArray.cpp(48,21): warning C4018: <: несоответствие типов со знаком и без знака
  (компиляция исходного файла "Main.cpp")
  
C:\Users\rysya\Desktop\03.12HW\03.12HW\MyArray.cpp(78,21): warning C4018: <: несоответствие типов со знаком и без знака
  (компиляция исходного файла "Main.cpp")
  
C:\Users\rysya\Desktop\03.12HW\03.12HW\MyArray.cpp(98,21): warning C4018: <: несоответствие типов со знаком и без знака
  (компиляция исходного файла "Main.cpp")
  
C:\Users\rysya\Desktop\03.12HW\03.12HW\MyArray.cpp(100,22): warning C4018: <: несоответствие типов со знаком и без знака
  (компиляция исходного файла "Main.cpp")
  
C:\Users\rysya\Desktop\03.12HW\03.12HW\MyArray.cpp(120,21): warning C4018: <: несоответствие типов со знаком и без знака
  (компиляция исходного файла "Main.cpp")
  
C:\Users\rysya\Desktop\03.12HW\03.12HW\MyArray.cpp(141,21): warning C4018: <: несоответствие типов со знаком и без знака
  (компиляция исходного файла "Main.cpp")
  
  MyArray.cpp
C:\Users\rysya\Desktop\03.12HW\03.12HW\MyArray.cpp(32,21): warning C4018: <: несоответствие типов со знаком и без знака
C:\Users\rysya\Desktop\03.12HW\03.12HW\MyArray.cpp(48,21): warning C4018: <: несоответствие типов со знаком и без знака
C:\Users\rysya\Desktop\03.12HW\03.12HW\MyArray.cpp(78,21): warning C4018: <: несоответствие типов со знаком и без знака
C:\Users\rysya\Desktop\03.12HW\03.12HW\MyArray.cpp(98,21): warning C4018: <: несоответствие типов со знаком и без знака
C:\Users\rysya\Desktop\03.12HW\03.12HW\MyArray.cpp(100,22): warning C4018: <: несоответствие типов со знаком и без знака
C:\Users\rysya\Desktop\03.12HW\03.12HW\MyArray.cpp(120,21): warning C4018: <: несоответствие типов со знаком и без знака
C:\Users\rysya\Desktop\03.12HW\03.12HW\MyArray.cpp(141,21): warning C4018: <: несоответствие типов со знаком и без знака
  Создание кода...
MyArray.obj : error LNK2005: "public: __cdecl MyArray::MyArray(class MyArray const &)" (??0MyArray@@QEAA@AEBV0@@Z) уже определен в Main.obj
MyArray.obj : error LNK2005: "public: __cdecl MyArray::MyArray(unsigned int)" (??0MyArray@@QEAA@I@Z) уже определен в Main.obj
MyArray.obj : error LNK2005: "public: __cdecl MyArray::MyArray(unsigned int,int *)" (??0MyArray@@QEAA@IPEAH@Z) уже определен в Main.obj
MyArray.obj : error LNK2005: "public: __cdecl MyArray::MyArray(void)" (??0MyArray@@QEAA@XZ) уже определен в Main.obj
MyArray.obj : error LNK2005: "public: __cdecl MyArray::~MyArray(void)" (??1MyArray@@QEAA@XZ) уже определен в Main.obj
MyArray.obj : error LNK2005: "public: void __cdecl MyArray::changeLong(unsigned int)" (?changeLong@MyArray@@QEAAXI@Z) уже определен в Main.obj
MyArray.obj : error LNK2005: "public: unsigned int __cdecl MyArray::getSize(void)const " (?getSize@MyArray@@QEBAIXZ) уже определен в Main.obj
MyArray.obj : error LNK2005: "public: void __cdecl MyArray::maxNum(void)" (?maxNum@MyArray@@QEAAXXZ) уже определен в Main.obj
MyArray.obj : error LNK2005: "public: void __cdecl MyArray::minNum(void)" (?minNum@MyArray@@QEAAXXZ) уже определен в Main.obj
MyArray.obj : error LNK2005: "public: void __cdecl MyArray::printArray(void)const " (?printArray@MyArray@@QEBAXXZ) уже определен в Main.obj
MyArray.obj : error LNK2005: "public: void __cdecl MyArray::setSize(unsigned int)" (?setSize@MyArray@@QEAAXI@Z) уже определен в Main.obj
MyArray.obj : error LNK2005: "public: void __cdecl MyArray::sortArray(void)" (?sortArray@MyArray@@QEAAXXZ) уже определен в Main.obj
C:\Users\rysya\Desktop\03.12HW\x64\Debug\03.12HW.exe : fatal error LNK1169: обнаружен многократно определенный символ - один или более
